PowerfulEditor is a depot, not a client.

Error: PowerfulEditor is a depot, not a client.

e32:PowerfulEditor is a depot, not a client.\n
PowerfulEditor is a depot, not a client.

Error: PowerfulEditor is a depot, not a client.

e32:PowerfulEditor is a depot, not a client.\n
p1:-1 0 Change 280 created with 6 open file(s).
p1:-1 0 Submitting change 280.
p1:-1 0 Locking 6 files ...
p1:-1 0 add //PowerfulEditor/Assets/_TestCases.meta#1
p1:-1 0 add //PowerfulEditor/Assets/_TestCases/Scenes.meta#1
p1:-1 0 add //PowerfulEditor/Assets/_TestCases/Scenes/SampleScene.unity.meta#1
p1:-1 0 add //PowerfulEditor/Assets/PowerEditor.meta#1
p1:-1 0 add //PowerfulEditor/Assets/PowerEditor/Editor.meta#1
p1:-1 0 add //PowerfulEditor/Assets/PowerEditor/Editor/Attributes.meta#1
p1:-1 0 Change 280 submitted.
p1:-1 0 Change 281 created with 2 open file(s).
p1:-1 0 Submitting change 281.
p1:-1 0 Locking 2 files ...
p1:-1 0 edit //PowerfulEditor/ProjectSettings/EditorSettings.asset#2
p1:-1 0 edit //PowerfulEditor/ProjectSettings/UnityConnectSettings.asset#2
p1:-1 0 Change 281 submitted.
p1:-1 0 Change 282 created with 45 open file(s).
p1:-1 0 Submitting change 282.
p1:-1 0 Locking 45 files ...
p1:-1 0 edit //PowerfulEditor/Assets/_TestCases/Scenes/SampleScene.unity#2
p1:-1 0 edit //PowerfulEditor/Assets/_TestCases/Scenes/SampleScene.unity.meta#2
p1:-1 0 add //PowerfulEditor/Assets/_TestCases/Scripts.meta#1
p1:-1 0 add //PowerfulEditor/Assets/_TestCases/Scripts/MultiField.cs#1
p1:-1 0 add //PowerfulEditor/Assets/_TestCases/Scripts/MultiField.cs.meta#1
p1:-1 0 move/add //PowerfulEditor/Assets/PowerEditor/Attributes.meta#1
p1:-1 0 add //PowerfulEditor/Assets/PowerEditor/Attributes/HideWhenFalseAttribute.cs#1
p1:-1 0 add //PowerfulEditor/Assets/PowerEditor/Attributes/HideWhenFalseAttribute.cs.meta#1
p1:-1 0 add //PowerfulEditor/Assets/PowerEditor/Attributes/HideWhenTrueAttribute.cs#1
p1:-1 0 add //PowerfulEditor/Assets/PowerEditor/Attributes/HideWhenTrueAttribute.cs.meta#1
p1:-1 0 add //PowerfulEditor/Assets/PowerEditor/Attributes/PowerPropertyAttribute.cs#1
p1:-1 0 add //PowerfulEditor/Assets/PowerEditor/Attributes/PowerPropertyAttribute.cs.meta#1
p1:-1 0 add //PowerfulEditor/Assets/PowerEditor/Attributes/PresetDataAttribute.cs#1
p1:-1 0 add //PowerfulEditor/Assets/PowerEditor/Attributes/PresetDataAttribute.cs.meta#1
p1:-1 0 add //PowerfulEditor/Assets/PowerEditor/Attributes/ReadOnlyAttribute.cs#1
p1:-1 0 add //PowerfulEditor/Assets/PowerEditor/Attributes/ReadOnlyAttribute.cs.meta#1
p1:-1 0 add //PowerfulEditor/Assets/PowerEditor/Attributes/RuntimeDataAttribute.cs#1
p1:-1 0 add //PowerfulEditor/Assets/PowerEditor/Attributes/RuntimeDataAttribute.cs.meta#1
p1:-1 0 move/delete //PowerfulEditor/Assets/PowerEditor/Editor/Attributes.meta#2
p1:-1 0 add //PowerfulEditor/Assets/PowerEditor/Editor/AttributesEditor.meta#1
p1:-1 0 add //PowerfulEditor/Assets/PowerEditor/Editor/AttributesEditor/HideWhenFalseDrawer.cs#1
p1:-1 0 add //PowerfulEditor/Assets/PowerEditor/Editor/AttributesEditor/HideWhenFalseDrawer.cs.meta#1
p1:-1 0 add //PowerfulEditor/Assets/PowerEditor/Editor/AttributesEditor/HideWhenTrueDrawer.cs#1
p1:-1 0 add //PowerfulEditor/Assets/PowerEditor/Editor/AttributesEditor/HideWhenTrueDrawer.cs.meta#1
p1:-1 0 add //PowerfulEditor/Assets/PowerEditor/Editor/AttributesEditor/PowerPropertyDrawer.cs#1
p1:-1 0 add //PowerfulEditor/Assets/PowerEditor/Editor/AttributesEditor/PowerPropertyDrawer.cs.meta#1
p1:-1 0 add //PowerfulEditor/Assets/PowerEditor/Editor/AttributesEditor/PresetDataDrawer.cs#1
p1:-1 0 add //PowerfulEditor/Assets/PowerEditor/Editor/AttributesEditor/PresetDataDrawer.cs.meta#1
p1:-1 0 add //PowerfulEditor/Assets/PowerEditor/Editor/AttributesEditor/ReadOnlyDrawer.cs#1
p1:-1 0 add //PowerfulEditor/Assets/PowerEditor/Editor/AttributesEditor/ReadOnlyDrawer.cs.meta#1
p1:-1 0 add //PowerfulEditor/Assets/PowerEditor/Editor/AttributesEditor/RuntimeDataDrawer.cs#1
p1:-1 0 add //PowerfulEditor/Assets/PowerEditor/Editor/AttributesEditor/RuntimeDataDrawer.cs.meta#1
p1:-1 0 add //PowerfulEditor/Assets/PowerEditor/Editor/PresetsEditor.meta#1
p1:-1 0 add //PowerfulEditor/Assets/PowerEditor/Editor/Utility.meta#1
p1:-1 0 add //PowerfulEditor/Assets/PowerEditor/Editor/Utility/EditorUtility.cs#1
p1:-1 0 add //PowerfulEditor/Assets/PowerEditor/Editor/Utility/EditorUtility.cs.meta#1
p1:-1 0 add //PowerfulEditor/Assets/PowerEditor/Presets.meta#1
p1:-1 0 add //PowerfulEditor/Assets/PowerEditor/Presets/ColorThemePreset.cs#1
p1:-1 0 add //PowerfulEditor/Assets/PowerEditor/Presets/ColorThemePreset.cs.meta#1
p1:-1 0 add //PowerfulEditor/Assets/PowerEditor/Presets/Resources.meta#1
p1:-1 0 add //PowerfulEditor/Assets/PowerEditor/Presets/Resources/ColorTheme.asset#1
p1:-1 0 add //PowerfulEditor/Assets/PowerEditor/Presets/Resources/ColorTheme.asset.meta#1
p1:-1 0 add //PowerfulEditor/PowerEditor.sln#1
p1:-1 0 edit //PowerfulEditor/ProjectSettings/ProjectSettings.asset#2
p1:-1 0 edit //PowerfulEditor/ProjectSettings/XRSettings.asset#2
p1:-1 1 Change 282 submitted.
p1:-1 0 Change 284 created with 7 open file(s).
p1:-1 0 Submitting change 284.
p1:-1 0 Locking 7 files ...
p1:-1 0 edit //PowerfulEditor/Assets/_TestCases/Scripts/MultiField.cs#2
p1:-1 0 add //PowerfulEditor/Assets/PowerEditor/Attributes/ColorThemeAttribute.cs#1
p1:-1 0 add //PowerfulEditor/Assets/PowerEditor/Attributes/ColorThemeAttribute.cs.meta#1
p1:-1 0 add //PowerfulEditor/Assets/PowerEditor/Editor/AttributesEditor/ColorThemeDrawer.cs#1
p1:-1 0 add //PowerfulEditor/Assets/PowerEditor/Editor/AttributesEditor/ColorThemeDrawer.cs.meta#1
p1:-1 0 edit //PowerfulEditor/Assets/PowerEditor/Presets/Resources/ColorTheme.asset#2
p1:-1 0 edit //PowerfulEditor/Assets/PowerEditor/Presets/Resources/ColorTheme.asset.meta#2
p1:-1 0 Change 284 submitted.
p1:-1 0 Change 285 created with 4 open file(s).
p1:-1 0 Submitting change 285.
p1:-1 0 Locking 4 files ...
p1:-1 0 edit //PowerfulEditor/Assets/_TestCases/Scenes/SampleScene.unity#3
p1:-1 0 edit //PowerfulEditor/Assets/_TestCases/Scenes/SampleScene.unity.meta#3
p1:-1 0 edit //PowerfulEditor/Assets/PowerEditor/Editor/AttributesEditor/PowerPropertyDrawer.cs#2
p1:-1 0 edit //PowerfulEditor/Assets/PowerEditor/Editor/Utility/EditorUtility.cs#2
p1:-1 0 Change 285 submitted.
p1:-1 0 Change 286 created with 6 open file(s).
p1:-1 0 Submitting change 286.
p1:-1 0 Locking 6 files ...
p1:-1 0 edit //PowerfulEditor/Assets/_TestCases/Scenes/SampleScene.unity#4
p1:-1 0 edit //PowerfulEditor/Assets/_TestCases/Scenes/SampleScene.unity.meta#4
p1:-1 0 move/delete //PowerfulEditor/Assets/PowerEditor/Editor/Utility/EditorUtility.cs#3
p1:-1 0 move/delete //PowerfulEditor/Assets/PowerEditor/Editor/Utility/EditorUtility.cs.meta#2
p1:-1 0 move/add //PowerfulEditor/Assets/PowerEditor/Editor/Utility/PowerEditorUtility.cs#1
p1:-1 0 move/add //PowerfulEditor/Assets/PowerEditor/Editor/Utility/PowerEditorUtility.cs.meta#1
p1:-1 0 Change 286 submitted.
p1:-1 0 Change 287 created with 32 open file(s).
p1:-1 0 Submitting change 287.
p1:-1 0 Locking 32 files ...
p1:-1 0 move/add //PowerfulEditor/Assets/PowerEditor/Editor/Attributes.meta#3
p1:-1 0 move/add //PowerfulEditor/Assets/PowerEditor/Editor/Attributes/ColorThemeDrawer.cs#1
p1:-1 0 move/add //PowerfulEditor/Assets/PowerEditor/Editor/Attributes/ColorThemeDrawer.cs.meta#1
p1:-1 0 move/add //PowerfulEditor/Assets/PowerEditor/Editor/Attributes/HideWhenFalseDrawer.cs#1
p1:-1 0 move/add //PowerfulEditor/Assets/PowerEditor/Editor/Attributes/HideWhenFalseDrawer.cs.meta#1
p1:-1 0 move/add //PowerfulEditor/Assets/PowerEditor/Editor/Attributes/HideWhenTrueDrawer.cs#1
p1:-1 0 move/add //PowerfulEditor/Assets/PowerEditor/Editor/Attributes/HideWhenTrueDrawer.cs.meta#1
p1:-1 0 move/add //PowerfulEditor/Assets/PowerEditor/Editor/Attributes/PowerPropertyDrawer.cs#1
p1:-1 0 move/add //PowerfulEditor/Assets/PowerEditor/Editor/Attributes/PowerPropertyDrawer.cs.meta#1
p1:-1 0 move/add //PowerfulEditor/Assets/PowerEditor/Editor/Attributes/PresetDataDrawer.cs#1
p1:-1 0 move/add //PowerfulEditor/Assets/PowerEditor/Editor/Attributes/PresetDataDrawer.cs.meta#1
p1:-1 0 move/add //PowerfulEditor/Assets/PowerEditor/Editor/Attributes/ReadOnlyDrawer.cs#1
p1:-1 0 move/add //PowerfulEditor/Assets/PowerEditor/Editor/Attributes/ReadOnlyDrawer.cs.meta#1
p1:-1 0 move/add //PowerfulEditor/Assets/PowerEditor/Editor/Attributes/RuntimeDataDrawer.cs#1
p1:-1 0 move/add //PowerfulEditor/Assets/PowerEditor/Editor/Attributes/RuntimeDataDrawer.cs.meta#1
p1:-1 0 move/delete //PowerfulEditor/Assets/PowerEditor/Editor/AttributesEditor.meta#2
p1:-1 0 move/delete //PowerfulEditor/Assets/PowerEditor/Editor/AttributesEditor/ColorThemeDrawer.cs#2
p1:-1 0 move/delete //PowerfulEditor/Assets/PowerEditor/Editor/AttributesEditor/ColorThemeDrawer.cs.meta#2
p1:-1 0 move/delete //PowerfulEditor/Assets/PowerEditor/Editor/AttributesEditor/HideWhenFalseDrawer.cs#2
p1:-1 0 move/delete //PowerfulEditor/Assets/PowerEditor/Editor/AttributesEditor/HideWhenFalseDrawer.cs.meta#2
p1:-1 0 move/delete //PowerfulEditor/Assets/PowerEditor/Editor/AttributesEditor/HideWhenTrueDrawer.cs#2
p1:-1 0 move/delete //PowerfulEditor/Assets/PowerEditor/Editor/AttributesEditor/HideWhenTrueDrawer.cs.meta#2
p1:-1 0 move/delete //PowerfulEditor/Assets/PowerEditor/Editor/AttributesEditor/PowerPropertyDrawer.cs#3
p1:-1 0 move/delete //PowerfulEditor/Assets/PowerEditor/Editor/AttributesEditor/PowerPropertyDrawer.cs.meta#2
p1:-1 0 move/delete //PowerfulEditor/Assets/PowerEditor/Editor/AttributesEditor/PresetDataDrawer.cs#2
p1:-1 0 move/delete //PowerfulEditor/Assets/PowerEditor/Editor/AttributesEditor/PresetDataDrawer.cs.meta#2
p1:-1 0 move/delete //PowerfulEditor/Assets/PowerEditor/Editor/AttributesEditor/ReadOnlyDrawer.cs#2
p1:-1 0 move/delete //PowerfulEditor/Assets/PowerEditor/Editor/AttributesEditor/ReadOnlyDrawer.cs.meta#2
p1:-1 0 move/delete //PowerfulEditor/Assets/PowerEditor/Editor/AttributesEditor/RuntimeDataDrawer.cs#2
p1:-1 0 move/delete //PowerfulEditor/Assets/PowerEditor/Editor/AttributesEditor/RuntimeDataDrawer.cs.meta#2
p1:-1 0 move/add //PowerfulEditor/Assets/PowerEditor/Editor/Presets.meta#1
p1:-1 0 move/delete //PowerfulEditor/Assets/PowerEditor/Editor/PresetsEditor.meta#2
p1:-1 0 Change 287 submitted.
p1:-1 0 Change 288 created with 7 open file(s).
p1:-1 0 Submitting change 288.
p1:-1 0 Locking 7 files ...
p1:-1 0 edit //PowerfulEditor/Assets/_TestCases/Scenes/SampleScene.unity#5
p1:-1 0 edit //PowerfulEditor/Assets/_TestCases/Scenes/SampleScene.unity.meta#5
p1:-1 0 add //PowerfulEditor/Assets/_TestCases/Scripts/serializedObjectTest.cs#1
p1:-1 0 add //PowerfulEditor/Assets/_TestCases/Scripts/serializedObjectTest.cs.meta#1
p1:-1 0 add //PowerfulEditor/Assets/PowerEditor/Editor/Presets/ColorThemeWindowEditor.cs#1
p1:-1 0 add //PowerfulEditor/Assets/PowerEditor/Editor/Presets/ColorThemeWindowEditor.cs.meta#1
p1:-1 0 edit //PowerfulEditor/Assets/PowerEditor/Presets/ColorThemePreset.cs#2
p1:-1 0 Change 288 submitted.
p1:-1 0 Change 290 created with 40 open file(s).
p1:-1 0 Submitting change 290.
p1:-1 0 Locking 40 files ...
p1:-1 0 move/delete //PowerfulEditor/Assets/PowerEditor/Attributes.meta#2
p1:-1 0 move/delete //PowerfulEditor/Assets/PowerEditor/Attributes/ColorThemeAttribute.cs.meta#2
p1:-1 0 move/delete //PowerfulEditor/Assets/PowerEditor/Attributes/HideWhenFalseAttribute.cs.meta#2
p1:-1 0 move/delete //PowerfulEditor/Assets/PowerEditor/Attributes/HideWhenTrueAttribute.cs.meta#2
p1:-1 0 move/delete //PowerfulEditor/Assets/PowerEditor/Attributes/PowerPropertyAttribute.cs.meta#2
p1:-1 0 move/delete //PowerfulEditor/Assets/PowerEditor/Attributes/PresetDataAttribute.cs.meta#2
p1:-1 0 move/delete //PowerfulEditor/Assets/PowerEditor/Attributes/ReadOnlyAttribute.cs.meta#2
p1:-1 0 move/delete //PowerfulEditor/Assets/PowerEditor/Attributes/RuntimeDataAttribute.cs.meta#2
p1:-1 0 edit //PowerfulEditor/Assets/PowerEditor/Editor/Attributes/ColorThemeDrawer.cs#2
p1:-1 0 edit //PowerfulEditor/Assets/PowerEditor/Editor/Attributes/HideWhenFalseDrawer.cs#2
p1:-1 0 edit //PowerfulEditor/Assets/PowerEditor/Editor/Attributes/HideWhenTrueDrawer.cs#2
p1:-1 0 edit //PowerfulEditor/Assets/PowerEditor/Editor/Attributes/PowerPropertyDrawer.cs#2
p1:-1 0 edit //PowerfulEditor/Assets/PowerEditor/Editor/Attributes/PresetDataDrawer.cs#2
p1:-1 0 edit //PowerfulEditor/Assets/PowerEditor/Editor/Attributes/ReadOnlyDrawer.cs#2
p1:-1 0 edit //PowerfulEditor/Assets/PowerEditor/Editor/Attributes/RuntimeDataDrawer.cs#2
p1:-1 0 add //PowerfulEditor/Assets/PowerEditor/Editor/PowerEditor.Editor.asmdef#1
p1:-1 0 add //PowerfulEditor/Assets/PowerEditor/Editor/PowerEditor.Editor.asmdef.meta#1
p1:-1 0 edit //PowerfulEditor/Assets/PowerEditor/Editor/Presets/ColorThemeWindowEditor.cs#2
p1:-1 0 edit //PowerfulEditor/Assets/PowerEditor/Editor/Utility/PowerEditorUtility.cs#2
p1:-1 0 move/delete //PowerfulEditor/Assets/PowerEditor/Presets.meta#2
p1:-1 0 move/delete //PowerfulEditor/Assets/PowerEditor/Presets/ColorThemePreset.cs.meta#2
p1:-1 0 move/delete //PowerfulEditor/Assets/PowerEditor/Presets/Resources.meta#2
p1:-1 0 move/delete //PowerfulEditor/Assets/PowerEditor/Presets/Resources/ColorTheme.asset#3
p1:-1 0 move/delete //PowerfulEditor/Assets/PowerEditor/Presets/Resources/ColorTheme.asset.meta#3
p1:-1 0 add //PowerfulEditor/Assets/PowerEditor/Tools.meta#1
p1:-1 0 move/add //PowerfulEditor/Assets/PowerEditor/Tools/Attributes.meta#1
p1:-1 0 move/add //PowerfulEditor/Assets/PowerEditor/Tools/Attributes/ColorThemeAttribute.cs.meta#1
p1:-1 0 move/add //PowerfulEditor/Assets/PowerEditor/Tools/Attributes/HideWhenFalseAttribute.cs.meta#1
p1:-1 0 move/add //PowerfulEditor/Assets/PowerEditor/Tools/Attributes/HideWhenTrueAttribute.cs.meta#1
p1:-1 0 move/add //PowerfulEditor/Assets/PowerEditor/Tools/Attributes/PowerPropertyAttribute.cs.meta#1
p1:-1 0 move/add //PowerfulEditor/Assets/PowerEditor/Tools/Attributes/PresetDataAttribute.cs.meta#1
p1:-1 0 move/add //PowerfulEditor/Assets/PowerEditor/Tools/Attributes/ReadOnlyAttribute.cs.meta#1
p1:-1 0 move/add //PowerfulEditor/Assets/PowerEditor/Tools/Attributes/RuntimeDataAttribute.cs.meta#1
p1:-1 0 add //PowerfulEditor/Assets/PowerEditor/Tools/PowerEditor.asmdef#1
p1:-1 0 add //PowerfulEditor/Assets/PowerEditor/Tools/PowerEditor.asmdef.meta#1
p1:-1 0 move/add //PowerfulEditor/Assets/PowerEditor/Tools/Presets.meta#1
p1:-1 0 move/add //PowerfulEditor/Assets/PowerEditor/Tools/Presets/ColorThemePreset.cs.meta#1
p1:-1 0 move/add //PowerfulEditor/Assets/PowerEditor/Tools/Presets/Resources.meta#1
p1:-1 0 move/add //PowerfulEditor/Assets/PowerEditor/Tools/Presets/Resources/ColorTheme.asset#1
p1:-1 0 move/add //PowerfulEditor/Assets/PowerEditor/Tools/Presets/Resources/ColorTheme.asset.meta#1
p1:-1 0 Change 290 submitted.
p1:-1 0 Change 291 created with 3 open file(s).
p1:-1 0 Submitting change 291.
p1:-1 0 Locking 3 files ...
p1:-1 0 edit //PowerfulEditor/ProjectSettings/EditorBuildSettings.asset#2
p1:-1 0 edit //PowerfulEditor/ProjectSettings/GraphicsSettings.asset#2
p1:-1 0 edit //PowerfulEditor/ProjectSettings/UnityConnectSettings.asset#3
p1:-1 0 Change 291 submitted.
p1:-1 0 Change 292 created with 3 open file(s).
p1:-1 0 Submitting change 292.
p1:-1 0 Locking 3 files ...
p1:-1 0 edit //PowerfulEditor/Assets/_TestCases/Scripts/MultiField.cs#3
p1:-1 0 edit //PowerfulEditor/Assets/PowerEditor/Editor/Attributes/PowerPropertyDrawer.cs#3
p1:-1 0 edit //PowerfulEditor/Assets/PowerEditor/Editor/Attributes/RuntimeDataDrawer.cs#3
p1:-1 1 Change 292 submitted.
p1:-1 1 Change 293 created with 45 open file(s).
p1:-1 1 Submitting change 293.
p1:-1 1 Locking 45 files ...
p1:-1 1 edit //PowerfulEditor/Assets/_TestCases/Scenes/SampleScene.unity#6
p1:-1 1 edit //PowerfulEditor/Assets/_TestCases/Scenes/SampleScene.unity.meta#6
p1:-1 1 add //PowerfulEditor/Assets/_TestCases/Scripts/CustomCompositedAttributes.meta#1
p1:-1 1 add //PowerfulEditor/Assets/_TestCases/Scripts/CustomCompositedAttributes/UserPresetData.cs#1
p1:-1 1 add //PowerfulEditor/Assets/_TestCases/Scripts/CustomCompositedAttributes/UserPresetData.cs.meta#1
p1:-1 1 edit //PowerfulEditor/Assets/_TestCases/Scripts/MultiField.cs#4
p1:-1 1 edit //PowerfulEditor/Assets/_TestCases/Scripts/serializedObjectTest.cs#2
p1:-1 1 add //PowerfulEditor/Assets/_TestCases/Scripts/StringSelectorTest.cs#1
p1:-1 1 add //PowerfulEditor/Assets/_TestCases/Scripts/StringSelectorTest.cs.meta#1
p1:-1 1 edit //PowerfulEditor/Assets/PowerEditor/Editor/Attributes/ColorThemeDrawer.cs#3
p1:-1 1 add //PowerfulEditor/Assets/PowerEditor/Editor/Attributes/Core.meta#1
p1:-1 1 add //PowerfulEditor/Assets/PowerEditor/Editor/Attributes/Core/CompositedPowerPropertyDrawer.cs#1
p1:-1 1 add //PowerfulEditor/Assets/PowerEditor/Editor/Attributes/Core/CompositedPowerPropertyDrawer.cs.meta#1
p1:-1 1 move/add //PowerfulEditor/Assets/PowerEditor/Editor/Attributes/Core/PowerPropertyDrawer.cs#1
p1:-1 1 move/add //PowerfulEditor/Assets/PowerEditor/Editor/Attributes/Core/PowerPropertyDrawer.cs.meta#1
p1:-1 1 edit //PowerfulEditor/Assets/PowerEditor/Editor/Attributes/HideWhenFalseDrawer.cs#3
p1:-1 1 edit //PowerfulEditor/Assets/PowerEditor/Editor/Attributes/HideWhenTrueDrawer.cs#3
p1:-1 1 move/delete //PowerfulEditor/Assets/PowerEditor/Editor/Attributes/PowerPropertyDrawer.cs#4
p1:-1 1 move/delete //PowerfulEditor/Assets/PowerEditor/Editor/Attributes/PowerPropertyDrawer.cs.meta#2
p1:-1 1 edit //PowerfulEditor/Assets/PowerEditor/Editor/Attributes/PresetDataDrawer.cs#3
p1:-1 1 edit //PowerfulEditor/Assets/PowerEditor/Editor/Attributes/ReadOnlyDrawer.cs#3
p1:-1 1 edit //PowerfulEditor/Assets/PowerEditor/Editor/Attributes/RuntimeDataDrawer.cs#4
p1:-1 1 add //PowerfulEditor/Assets/PowerEditor/Editor/Attributes/StringSelectorDrawer.cs#1
p1:-1 1 add //PowerfulEditor/Assets/PowerEditor/Editor/Attributes/StringSelectorDrawer.cs.meta#1
p1:-1 1 edit //PowerfulEditor/Assets/PowerEditor/Editor/Presets/ColorThemeWindowEditor.cs#3
p1:-1 1 edit //PowerfulEditor/Assets/PowerEditor/Editor/Utility/PowerEditorUtility.cs#3
p1:-1 1 add //PowerfulEditor/Assets/PowerEditor/Editor/WidgetFields.meta#1
p1:-1 1 edit //PowerfulEditor/Assets/PowerEditor/Tools/Attributes/ColorThemeAttribute.cs#2
p1:-1 1 add //PowerfulEditor/Assets/PowerEditor/Tools/Attributes/Core.meta#1
p1:-1 1 add //PowerfulEditor/Assets/PowerEditor/Tools/Attributes/Core/CompositedPowerPropertyAttribute.cs#1
p1:-1 1 add //PowerfulEditor/Assets/PowerEditor/Tools/Attributes/Core/CompositedPowerPropertyAttribute.cs.meta#1
p1:-1 1 move/add //PowerfulEditor/Assets/PowerEditor/Tools/Attributes/Core/PowerPropertyAttribute.cs#1
p1:-1 1 move/add //PowerfulEditor/Assets/PowerEditor/Tools/Attributes/Core/PowerPropertyAttribute.cs.meta#1
p1:-1 1 edit //PowerfulEditor/Assets/PowerEditor/Tools/Attributes/HideWhenFalseAttribute.cs#2
p1:-1 1 edit //PowerfulEditor/Assets/PowerEditor/Tools/Attributes/HideWhenTrueAttribute.cs#2
p1:-1 1 move/delete //PowerfulEditor/Assets/PowerEditor/Tools/Attributes/PowerPropertyAttribute.cs#2
p1:-1 1 move/delete //PowerfulEditor/Assets/PowerEditor/Tools/Attributes/PowerPropertyAttribute.cs.meta#2
p1:-1 1 edit //PowerfulEditor/Assets/PowerEditor/Tools/Attributes/PresetDataAttribute.cs#2
p1:-1 1 edit //PowerfulEditor/Assets/PowerEditor/Tools/Attributes/ReadOnlyAttribute.cs#2
p1:-1 1 edit //PowerfulEditor/Assets/PowerEditor/Tools/Attributes/RuntimeDataAttribute.cs#2
p1:-1 1 add //PowerfulEditor/Assets/PowerEditor/Tools/Attributes/StringSelectorAttribute.cs#1
p1:-1 1 add //PowerfulEditor/Assets/PowerEditor/Tools/Attributes/StringSelectorAttribute.cs.meta#1
p1:-1 1 edit //PowerfulEditor/Assets/PowerEditor/Tools/Presets/Resources/ColorTheme.asset#2
p1:-1 1 edit //PowerfulEditor/Assets/PowerEditor/Tools/Presets/Resources/ColorTheme.asset.meta#2
p1:-1 1 add //PowerfulEditor/Assets/PowerEditor/Tools/WidgetFields.meta#1
p1:-1 1 Change 293 submitted.
p1:-1 0 Change 294 created with 18 open file(s).
p1:-1 0 Submitting change 294.
p1:-1 0 Locking 18 files ...
p1:-1 0 edit //PowerfulEditor/Assets/_TestCases/Scenes/SampleScene.unity#7
p1:-1 0 edit //PowerfulEditor/Assets/_TestCases/Scenes/SampleScene.unity.meta#7
p1:-1 0 edit //PowerfulEditor/Assets/_TestCases/Scripts/StringSelectorTest.cs#2
p1:-1 0 edit //PowerfulEditor/Assets/PowerEditor/Editor/Attributes/Core/PowerPropertyDrawer.cs#2
p1:-1 0 add //PowerfulEditor/Assets/PowerEditor/Editor/Attributes/Selector.meta#1
p1:-1 0 add //PowerfulEditor/Assets/PowerEditor/Editor/Attributes/Selector/ElementSelectorDrawer.cs#1
p1:-1 0 add //PowerfulEditor/Assets/PowerEditor/Editor/Attributes/Selector/ElementSelectorDrawer.cs.meta#1
p1:-1 0 move/add //PowerfulEditor/Assets/PowerEditor/Editor/Attributes/Selector/StringSelectorDrawer.cs#1
p1:-1 0 move/add //PowerfulEditor/Assets/PowerEditor/Editor/Attributes/Selector/StringSelectorDrawer.cs.meta#1
p1:-1 0 move/delete //PowerfulEditor/Assets/PowerEditor/Editor/Attributes/StringSelectorDrawer.cs#2
p1:-1 0 move/delete //PowerfulEditor/Assets/PowerEditor/Editor/Attributes/StringSelectorDrawer.cs.meta#2
p1:-1 0 add //PowerfulEditor/Assets/PowerEditor/Tools/Attributes/Selector.meta#1
p1:-1 0 add //PowerfulEditor/Assets/PowerEditor/Tools/Attributes/Selector/ElementSelectorAttribute.cs#1
p1:-1 0 add //PowerfulEditor/Assets/PowerEditor/Tools/Attributes/Selector/ElementSelectorAttribute.cs.meta#1
p1:-1 0 move/add //PowerfulEditor/Assets/PowerEditor/Tools/Attributes/Selector/StringSelectorAttribute.cs#1
p1:-1 0 move/add //PowerfulEditor/Assets/PowerEditor/Tools/Attributes/Selector/StringSelectorAttribute.cs.meta#1
p1:-1 0 move/delete //PowerfulEditor/Assets/PowerEditor/Tools/Attributes/StringSelectorAttribute.cs#2
p1:-1 0 move/delete //PowerfulEditor/Assets/PowerEditor/Tools/Attributes/StringSelectorAttribute.cs.meta#2
p1:-1 0 Change 294 submitted.
p1:-1 0 Change 295 created with 15 open file(s).
p1:-1 0 Submitting change 295.
p1:-1 0 Locking 15 files ...
p1:-1 0 edit //PowerfulEditor/Assets/_TestCases/Scenes/SampleScene.unity#8
p1:-1 0 edit //PowerfulEditor/Assets/_TestCases/Scenes/SampleScene.unity.meta#8
p1:-1 0 edit //PowerfulEditor/Assets/_TestCases/Scripts/MultiField.cs#5
p1:-1 0 add //PowerfulEditor/Assets/_TestCases/Scripts/PowerWidgetTest.cs#1
p1:-1 0 add //PowerfulEditor/Assets/_TestCases/Scripts/PowerWidgetTest.cs.meta#1
p1:-1 0 edit //PowerfulEditor/Assets/_TestCases/Scripts/serializedObjectTest.cs#3
p1:-1 0 edit //PowerfulEditor/Assets/PowerEditor/Editor/Attributes/Core/PowerPropertyDrawer.cs#3
p1:-1 0 add //PowerfulEditor/Assets/PowerEditor/Editor/WidgetFields/PowerButtonDrawer.cs#1
p1:-1 0 add //PowerfulEditor/Assets/PowerEditor/Editor/WidgetFields/PowerButtonDrawer.cs.meta#1
p1:-1 0 add //PowerfulEditor/Assets/PowerEditor/Editor/WidgetFields/PowerWidgetDrawer.cs#1
p1:-1 0 add //PowerfulEditor/Assets/PowerEditor/Editor/WidgetFields/PowerWidgetDrawer.cs.meta#1
p1:-1 0 add //PowerfulEditor/Assets/PowerEditor/Tools/WidgetFields/PowerButton.cs#1
p1:-1 0 add //PowerfulEditor/Assets/PowerEditor/Tools/WidgetFields/PowerButton.cs.meta#1
p1:-1 0 add //PowerfulEditor/Assets/PowerEditor/Tools/WidgetFields/PowerWidget.cs#1
p1:-1 0 add //PowerfulEditor/Assets/PowerEditor/Tools/WidgetFields/PowerWidget.cs.meta#1
p1:-1 1 Change 295 submitted.
p1:-1 0 Change 296 created with 2 open file(s).
p1:-1 0 Submitting change 296.
p1:-1 0 Locking 2 files ...
p1:-1 0 edit //PowerfulEditor/Assets/PowerEditor/Tools/Presets/Resources/ColorTheme.asset#3
p1:-1 0 edit //PowerfulEditor/Assets/PowerEditor/Tools/Presets/Resources/ColorTheme.asset.meta#3
p1:-1 0 Change 296 submitted.
p1:-1 0 Change 297 created with 4 open file(s).
p1:-1 0 Submitting change 297.
p1:-1 0 Locking 4 files ...
p1:-1 0 edit //PowerfulEditor/Assets/_TestCases/Scenes/SampleScene.unity#9
p1:-1 0 edit //PowerfulEditor/Assets/_TestCases/Scenes/SampleScene.unity.meta#9
p1:-1 0 edit //PowerfulEditor/Assets/_TestCases/Scripts/PowerWidgetTest.cs#2
p1:-1 0 edit //PowerfulEditor/Assets/PowerEditor/Editor/Attributes/Core/PowerPropertyDrawer.cs#4
p1:-1 0 Change 297 submitted.
p1:-1 0 Change 298 created with 3 open file(s).
p1:-1 0 Submitting change 298.
p1:-1 0 Locking 3 files ...
p1:-1 0 edit //PowerfulEditor/Assets/_TestCases/Scripts/PowerWidgetTest.cs#3
p1:-1 0 edit //PowerfulEditor/Assets/PowerEditor/Editor/Attributes/Core/CompositedPowerPropertyDrawer.cs#2
p1:-1 0 edit //PowerfulEditor/Assets/PowerEditor/Editor/Attributes/Core/PowerPropertyDrawer.cs#5
p1:-1 0 Change 298 submitted.
p1:-1 0 Change 299 created with 13 open file(s).
p1:-1 0 Submitting change 299.
p1:-1 0 Locking 13 files ...
p1:-1 0 edit //PowerfulEditor/Assets/_TestCases/Scripts/CustomCompositedAttributes/UserPresetData.cs#2
p1:-1 0 edit //PowerfulEditor/Assets/_TestCases/Scripts/MultiField.cs#6
p1:-1 0 edit //PowerfulEditor/Assets/_TestCases/Scripts/PowerWidgetTest.cs#4
p1:-1 0 edit //PowerfulEditor/Assets/_TestCases/Scripts/StringSelectorTest.cs#3
p1:-1 0 edit //PowerfulEditor/Assets/PowerEditor/Editor/Attributes/Core/CompositedPowerPropertyDrawer.cs#3
p1:-1 0 edit //PowerfulEditor/Assets/PowerEditor/Editor/Attributes/Core/PowerPropertyDrawer.cs#6
p1:-1 0 add //PowerfulEditor/Assets/PowerEditor/Editor/Attributes/List.meta#1
p1:-1 0 add //PowerfulEditor/Assets/PowerEditor/Editor/Attributes/List/PowerListDrawer.cs#1
p1:-1 0 add //PowerfulEditor/Assets/PowerEditor/Editor/Attributes/List/PowerListDrawer.cs.meta#1
p1:-1 0 edit //PowerfulEditor/Assets/PowerEditor/Tools/Attributes/Core/CompositedPowerPropertyAttribute.cs#2
p1:-1 0 add //PowerfulEditor/Assets/PowerEditor/Tools/Attributes/List.meta#1
p1:-1 0 add //PowerfulEditor/Assets/PowerEditor/Tools/Attributes/List/PowerListAttribute.cs#1
p1:-1 0 add //PowerfulEditor/Assets/PowerEditor/Tools/Attributes/List/PowerListAttribute.cs.meta#1
p1:-1 1 Change 299 submitted.
p1:-1 0 Change 300 created with 7 open file(s).
p1:-1 0 Submitting change 300.
p1:-1 0 Locking 7 files ...
p1:-1 0 edit //PowerfulEditor/Assets/_TestCases/Scenes/SampleScene.unity#10
p1:-1 0 edit //PowerfulEditor/Assets/_TestCases/Scenes/SampleScene.unity.meta#10
p1:-1 0 add //PowerfulEditor/Assets/_TestCases/Scripts/ReflectionTest.cs#1
p1:-1 0 add //PowerfulEditor/Assets/_TestCases/Scripts/ReflectionTest.cs.meta#1
p1:-1 0 edit //PowerfulEditor/Assets/_TestCases/Scripts/StringSelectorTest.cs#4
p1:-1 0 edit //PowerfulEditor/Assets/PowerEditor/Editor/Attributes/Core/PowerPropertyDrawer.cs#7
p1:-1 0 edit //PowerfulEditor/Assets/PowerEditor/Editor/Utility/PowerEditorUtility.cs#4
p1:-1 0 Change 300 submitted.
p1:-1 0 Change 303 created with 8 open file(s).
p1:-1 0 Submitting change 303.
p1:-1 0 Locking 8 files ...
p1:-1 0 edit //PowerfulEditor/Assets/_TestCases/Scenes/SampleScene.unity#12
p1:-1 0 edit //PowerfulEditor/Assets/_TestCases/Scenes/SampleScene.unity.meta#12
p1:-1 0 edit //PowerfulEditor/Assets/_TestCases/Scripts/StringSelectorTest.cs#5
p1:-1 0 edit //PowerfulEditor/Assets/PowerEditor/Editor/Attributes/Core/PowerPropertyDrawer.cs#9
p1:-1 0 edit //PowerfulEditor/Assets/PowerEditor/Editor/Attributes/List/PowerListDrawer.cs#3
p1:-1 0 edit //PowerfulEditor/Assets/PowerEditor/Editor/Utility/PowerEditorUtility.cs#6
p1:-1 0 edit //PowerfulEditor/Assets/PowerEditor/Editor/WidgetFields/PowerWidgetDrawer.cs#3
p1:-1 0 edit //PowerfulEditor/Assets/PowerEditor/Tools/Attributes/Core/PowerPropertyAttribute.cs#3
p1:-1 0 Change 303 submitted.
p1:-1 0 Change 304 created with 15 open file(s).
p1:-1 0 Submitting change 304.
p1:-1 0 Locking 15 files ...
p1:-1 0 edit //PowerfulEditor/Assets/_TestCases/Scenes/SampleScene.unity#13
p1:-1 0 edit //PowerfulEditor/Assets/_TestCases/Scenes/SampleScene.unity.meta#13
p1:-1 0 edit //PowerfulEditor/Assets/_TestCases/Scripts/CustomCompositedAttributes/UserPresetData.cs#3
p1:-1 0 edit //PowerfulEditor/Assets/_TestCases/Scripts/MultiField.cs#8
p1:-1 0 edit //PowerfulEditor/Assets/_TestCases/Scripts/StringSelectorTest.cs#6
p1:-1 0 edit //PowerfulEditor/Assets/PowerEditor/Editor/Attributes/Core/PowerPropertyDrawer.cs#10
p1:-1 0 edit //PowerfulEditor/Assets/PowerEditor/Editor/Attributes/List/PowerListDrawer.cs#4
p1:-1 0 edit //PowerfulEditor/Assets/PowerEditor/Editor/Presets/ColorThemeWindowEditor.cs#4
p1:-1 0 edit //PowerfulEditor/Assets/PowerEditor/Tools/Attributes/ColorThemeAttribute.cs#3
p1:-1 0 edit //PowerfulEditor/Assets/PowerEditor/Tools/Attributes/PresetDataAttribute.cs#3
p1:-1 0 edit //PowerfulEditor/Assets/PowerEditor/Tools/Attributes/ReadOnlyAttribute.cs#3
p1:-1 0 edit //PowerfulEditor/Assets/PowerEditor/Tools/Attributes/RuntimeDataAttribute.cs#3
p1:-1 0 edit //PowerfulEditor/Assets/PowerEditor/Tools/Presets/ColorThemePreset.cs#2
p1:-1 0 edit //PowerfulEditor/Assets/PowerEditor/Tools/Presets/Resources/ColorTheme.asset#4
p1:-1 0 edit //PowerfulEditor/Assets/PowerEditor/Tools/Presets/Resources/ColorTheme.asset.meta#4
p1:-1 1 Change 304 submitted.
p1:-1 0 Change 305 created with 14 open file(s).
p1:-1 0 Submitting change 305.
p1:-1 0 Locking 14 files ...
p1:-1 0 edit //PowerfulEditor/Assets/_TestCases/Scenes/SampleScene.unity#14
p1:-1 0 edit //PowerfulEditor/Assets/_TestCases/Scenes/SampleScene.unity.meta#14
p1:-1 0 edit //PowerfulEditor/Assets/_TestCases/Scripts/PowerWidgetTest.cs#5
p1:-1 0 add //PowerfulEditor/Assets/_TestCases/Textures.meta#1
p1:-1 0 add //PowerfulEditor/Assets/_TestCases/Textures/texture.jpg#1
p1:-1 0 add //PowerfulEditor/Assets/_TestCases/Textures/texture.jpg.meta#1
p1:-1 0 add //PowerfulEditor/Assets/PowerEditor/Editor/WidgetFields/PowerSpaceFieldDrawer.cs#1
p1:-1 0 add //PowerfulEditor/Assets/PowerEditor/Editor/WidgetFields/PowerSpaceFieldDrawer.cs.meta#1
p1:-1 0 add //PowerfulEditor/Assets/PowerEditor/Editor/WidgetFields/PowerTextureFieldDrawer.cs#1
p1:-1 0 add //PowerfulEditor/Assets/PowerEditor/Editor/WidgetFields/PowerTextureFieldDrawer.cs.meta#1
p1:-1 0 add //PowerfulEditor/Assets/PowerEditor/Tools/WidgetFields/PowerSapceField.cs#1
p1:-1 0 add //PowerfulEditor/Assets/PowerEditor/Tools/WidgetFields/PowerSapceField.cs.meta#1
p1:-1 0 add //PowerfulEditor/Assets/PowerEditor/Tools/WidgetFields/PowerTextureField.cs#1
p1:-1 0 add //PowerfulEditor/Assets/PowerEditor/Tools/WidgetFields/PowerTextureField.cs.meta#1
p1:-1 0 Change 305 submitted.
p1:-1 0 Change 306 created with 12 open file(s).
p1:-1 0 Submitting change 306.
p1:-1 0 Locking 12 files ...
p1:-1 0 move/delete //PowerfulEditor/Assets/_TestCases/Scenes/SampleScene.unity#15
p1:-1 0 move/delete //PowerfulEditor/Assets/_TestCases/Scenes/SampleScene.unity.meta#15
p1:-1 0 add //PowerfulEditor/Assets/_TestCases/Scenes/SceneForSwitch.unity#1
p1:-1 0 add //PowerfulEditor/Assets/_TestCases/Scenes/SceneForSwitch.unity.meta#1
p1:-1 0 move/add //PowerfulEditor/Assets/_TestCases/Scenes/SceneForTest.unity#1
p1:-1 0 move/add //PowerfulEditor/Assets/_TestCases/Scenes/SceneForTest.unity.meta#1
p1:-1 0 edit //PowerfulEditor/Assets/_TestCases/Scripts/PowerWidgetTest.cs#6
p1:-1 0 edit //PowerfulEditor/Assets/PowerEditor/Editor/Attributes/Core/PowerPropertyDrawer.cs#11
p1:-1 0 edit //PowerfulEditor/Assets/PowerEditor/Editor/Attributes/List/PowerListDrawer.cs#5
p1:-1 0 edit //PowerfulEditor/Assets/PowerEditor/Editor/Presets/ColorThemeWindowEditor.cs#5
p1:-1 0 edit //PowerfulEditor/Assets/PowerEditor/Editor/WidgetFields/PowerWidgetDrawer.cs#4
p1:-1 0 edit //PowerfulEditor/ProjectSettings/EditorBuildSettings.asset#3
p1:-1 0 Change 306 submitted.
E:/_Projects/PowerEditor/Assets/_TestCases/Scripts/PowerWidgetTest.cs.meta - file(s) not opened on this client.

w1:E:/_Projects/PowerEditor/Assets/_TestCases/Scripts/PowerWidgetTest.cs.meta - file(s) not opened on this client.\n
p1:-1 0 Change 307 created with 3 open file(s).
p1:-1 0 Submitting change 307.
p1:-1 0 Locking 3 files ...
p1:-1 0 edit //PowerfulEditor/Assets/_TestCases/Scenes/SceneForTest.unity#2
p1:-1 0 edit //PowerfulEditor/Assets/_TestCases/Scenes/SceneForTest.unity.meta#2
p1:-1 0 edit //PowerfulEditor/Assets/_TestCases/Scripts/PowerWidgetTest.cs#7
p1:-1 0 Change 307 submitted.
E:/_Projects/PowerEditor/Assets/PowerEditor/Editor/WidgetFields/PowerTextureFieldDrawer.cs.meta - file(s) not opened on this client.

w1:E:/_Projects/PowerEditor/Assets/PowerEditor/Editor/WidgetFields/PowerTextureFieldDrawer.cs.meta - file(s) not opened on this client.\n
p1:-1 0 Change 308 created with 1 open file(s).
p1:-1 0 Submitting change 308.
p1:-1 0 Locking 1 files ...
p1:-1 0 edit //PowerfulEditor/Assets/PowerEditor/Editor/WidgetFields/PowerTextureFieldDrawer.cs#2
p1:-1 0 Change 308 submitted.
p1:-1 0 Change 309 created with 8 open file(s).
p1:-1 0 Submitting change 309.
p1:-1 0 Locking 8 files ...
p1:-1 0 edit //PowerfulEditor/Assets/_TestCases/Scenes/SceneForTest.unity#3
p1:-1 0 edit //PowerfulEditor/Assets/_TestCases/Scenes/SceneForTest.unity.meta#3
p1:-1 0 edit //PowerfulEditor/Assets/_TestCases/Scripts/PowerWidgetTest.cs#8
p1:-1 0 edit //PowerfulEditor/Assets/PowerEditor/Editor/Presets/ColorThemeWindowEditor.cs#6
p1:-1 0 add //PowerfulEditor/Assets/PowerEditor/Examples.meta#1
p1:-1 0 edit //PowerfulEditor/Assets/PowerEditor/Tools/Presets/ColorThemePreset.cs#3
p1:-1 0 add //PowerfulEditor/Assets/PowerEditor/Tools/Presets/Resources/logo.png#1
p1:-1 0 add //PowerfulEditor/Assets/PowerEditor/Tools/Presets/Resources/logo.png.meta#1
p1:-1 0 Change 309 submitted.
p1:-1 0 Change 310 created with 20 open file(s).
p1:-1 0 Submitting change 310.
p1:-1 0 Locking 20 files ...
p1:-1 0 edit //PowerfulEditor/Assets/_TestCases/Scripts/PowerWidgetTest.cs#9
p1:-1 0 edit //PowerfulEditor/Assets/PowerEditor/Editor/Attributes/Core/PowerPropertyDrawer.cs#12
p1:-1 0 edit //PowerfulEditor/Assets/PowerEditor/Editor/WidgetFields/PowerButtonDrawer.cs#3
p1:-1 0 add //PowerfulEditor/Assets/PowerEditor/Examples/Example.unity#1
p1:-1 0 add //PowerfulEditor/Assets/PowerEditor/Examples/Example.unity.meta#1
p1:-1 0 add //PowerfulEditor/Assets/PowerEditor/Examples/Scripts.meta#1
p1:-1 0 add //PowerfulEditor/Assets/PowerEditor/Examples/Scripts/AccessLevelModification.cs#1
p1:-1 0 add //PowerfulEditor/Assets/PowerEditor/Examples/Scripts/AccessLevelModification.cs.meta#1
p1:-1 0 add //PowerfulEditor/Assets/PowerEditor/Examples/Scripts/ColorModification.cs#1
p1:-1 0 add //PowerfulEditor/Assets/PowerEditor/Examples/Scripts/ColorModification.cs.meta#1
p1:-1 0 add //PowerfulEditor/Assets/PowerEditor/Examples/Scripts/ElementSelectorExample.cs#1
p1:-1 0 add //PowerfulEditor/Assets/PowerEditor/Examples/Scripts/ElementSelectorExample.cs.meta#1
p1:-1 0 add //PowerfulEditor/Assets/PowerEditor/Examples/Scripts/EmbededWidgetExample.cs#1
p1:-1 0 add //PowerfulEditor/Assets/PowerEditor/Examples/Scripts/EmbededWidgetExample.cs.meta#1
p1:-1 0 add //PowerfulEditor/Assets/PowerEditor/Examples/Scripts/PowerEditorExampleBase.cs#1
p1:-1 0 add //PowerfulEditor/Assets/PowerEditor/Examples/Scripts/PowerEditorExampleBase.cs.meta#1
p1:-1 0 add //PowerfulEditor/Assets/PowerEditor/Examples/Scripts/ReorderableListExample.cs#1
p1:-1 0 add //PowerfulEditor/Assets/PowerEditor/Examples/Scripts/ReorderableListExample.cs.meta#1
p1:-1 0 edit //PowerfulEditor/Assets/PowerEditor/Tools/Presets/Resources/ColorTheme.asset#5
p1:-1 0 edit //PowerfulEditor/Assets/PowerEditor/Tools/Presets/Resources/ColorTheme.asset.meta#5
p1:-1 1 Change 310 submitted.
p1:-1 0 Change 311 created with 6 open file(s).
p1:-1 0 Submitting change 311.
p1:-1 0 Locking 6 files ...
p1:-1 0 edit //PowerfulEditor/Assets/PowerEditor/Examples/Example.unity#2
p1:-1 0 edit //PowerfulEditor/Assets/PowerEditor/Examples/Example.unity.meta#2
p1:-1 0 add //PowerfulEditor/Assets/PowerEditor/Examples/README.txt#1
p1:-1 0 add //PowerfulEditor/Assets/PowerEditor/Examples/README.txt.meta#1
p1:-1 0 edit //PowerfulEditor/Assets/PowerEditor/Examples/Scripts/AccessLevelModification.cs#2
p1:-1 0 edit //PowerfulEditor/Assets/PowerEditor/Examples/Scripts/ElementSelectorExample.cs#2
p1:-1 0 Change 311 submitted.
p1:-1 0 Change 312 created with 4 open file(s).
p1:-1 0 Submitting change 312.
p1:-1 0 Locking 4 files ...
p1:-1 0 edit //PowerfulEditor/Assets/PowerEditor/Examples/Example.unity#3
p1:-1 0 edit //PowerfulEditor/Assets/PowerEditor/Examples/Example.unity.meta#3
p1:-1 0 edit //PowerfulEditor/ProjectSettings/EditorBuildSettings.asset#4
p1:-1 0 edit //PowerfulEditor/ProjectSettings/UnityConnectSettings.asset#4
p1:-1 0 Change 312 submitted.
p1:-1 1 Change 313 created with 9 open file(s).
p1:-1 1 Submitting change 313.
p1:-1 1 Locking 9 files ...
p1:-1 1 edit //PowerfulEditor/Assets/_TestCases/Scripts/PowerWidgetTest.cs#10
p1:-1 1 edit //PowerfulEditor/Assets/PowerEditor/Editor/Attributes/Core/PowerPropertyDrawer.cs#13
p1:-1 1 edit //PowerfulEditor/Assets/PowerEditor/Editor/Attributes/List/PowerListDrawer.cs#6
p1:-1 1 edit //PowerfulEditor/Assets/PowerEditor/Editor/Presets/ColorThemeWindowEditor.cs#7
p1:-1 1 edit //PowerfulEditor/Assets/PowerEditor/Editor/Utility/PowerEditorUtility.cs#7
p1:-1 1 edit //PowerfulEditor/Assets/PowerEditor/Editor/WidgetFields/PowerButtonDrawer.cs#4
p1:-1 1 edit //PowerfulEditor/Assets/PowerEditor/Editor/WidgetFields/PowerTextureFieldDrawer.cs#3
p1:-1 1 edit //PowerfulEditor/Assets/PowerEditor/Editor/WidgetFields/PowerWidgetDrawer.cs#5
p1:-1 1 edit //PowerfulEditor/Assets/PowerEditor/Examples/Scripts/PowerEditorExampleBase.cs#2
p1:-1 1 Change 313 submitted.
Path 'E:/_PluginDevelop/PowerEditor\testForProjectRootMapping' is not under client's root 'E:\_Projects\PowerEditor'.

Error: Path 'E:/_PluginDevelop/PowerEditor\testForProjectRootMapping' is not under client's root 'E:\_Projects\PowerEditor'.

e32:Path 'E:/_PluginDevelop/PowerEditor\\testForProjectRootMapping' is not under client's root 'E:\\_Projects\\PowerEditor'.\n
Path 'E:/_PluginDevelop/PowerEditor\testForProjectRootMapping' is not under client's root 'E:\_Projects\PowerEditor'.

Error: Path 'E:/_PluginDevelop/PowerEditor\testForProjectRootMapping' is not under client's root 'E:\_Projects\PowerEditor'.

e32:Path 'E:/_PluginDevelop/PowerEditor\\testForProjectRootMapping' is not under client's root 'E:\\_Projects\\PowerEditor'.\n
Path 'E:/_PluginDevelop/PowerEditor\testForProjectRootMapping' is not under client's root 'E:\_Projects\PowerEditor'.

Error: Path 'E:/_PluginDevelop/PowerEditor\testForProjectRootMapping' is not under client's root 'E:\_Projects\PowerEditor'.

e32:Path 'E:/_PluginDevelop/PowerEditor\\testForProjectRootMapping' is not under client's root 'E:\\_Projects\\PowerEditor'.\n
